<?xml version="1.0" encoding="UTF-8"?>
<testng-results skipped="0" failed="0" ignored="0" total="1" passed="1">
  <reporter-output>
  </reporter-output>
  <suite name="Bank Project grid demo" duration-ms="10389" started-at="2021-12-07T20:44:21 IST" finished-at="2021-12-07T20:44:31 IST">
    <groups>
    </groups>
    <test name="LoginTest with chrome on grid" duration-ms="10389" started-at="2021-12-07T20:44:21 IST" finished-at="2021-12-07T20:44:31 IST">
      <class name="com.bankproject.testCases.Tc_loginPage_001">
        <test-method status="PASS" signature="setUp(java.lang.String)[pri:0, instance:com.bankproject.testCases.Tc_loginPage_001@4eb7f003]" name="setUp" is-config="true" duration-ms="7948" started-at="2021-12-07T20:44:21 IST" finished-at="2021-12-07T20:44:29 IST">
          <params>
            <param index="0">
              <value>
                <![CDATA[chrome]]>
              </value>
            </param>
          </params>
          <reporter-output>
          </reporter-output>
        </test-method> <!-- setUp -->
        <test-method status="PASS" signature="login()[pri:1, instance:com.bankproject.testCases.Tc_loginPage_001@4eb7f003]" name="login" duration-ms="1488" started-at="2021-12-07T20:44:29 IST" finished-at="2021-12-07T20:44:30 IST">
          <reporter-output>
          </reporter-output>
        </test-method> <!-- login -->
        <test-method status="PASS" signature="tearDown()[pri:0, instance:com.bankproject.testCases.Tc_loginPage_001@4eb7f003]" name="tearDown" is-config="true" duration-ms="701" started-at="2021-12-07T20:44:30 IST" finished-at="2021-12-07T20:44:31 IST">
          <reporter-output>
          </reporter-output>
        </test-method> <!-- tearDown -->
      </class> <!-- com.bankproject.testCases.Tc_loginPage_001 -->
    </test> <!-- LoginTest with chrome on grid -->
  </suite> <!-- Bank Project grid demo -->
</testng-results>
